2020-10-12 11:47:07,083          root     INFO: Starting script
2020-10-12 11:47:08,210          root     INFO: Parsing Folha de S.Paulo - Opini√£o - Principal
2020-10-12 11:47:09,059          root     INFO: Parsing Folha de S.Paulo - Poder - Principal
2020-10-12 11:47:09,906          root     INFO: Parsing Folha de S.Paulo - Ambiente - Principal
2020-10-12 11:47:10,838          root     INFO: Parsing G1
2020-10-12 11:47:24,846          root    ERROR: RSS
Traceback (most recent call last):
  File "/home/runner/work/NYTdiff/NYTdiff/venv/lib/python3.6/site-packages/feedparser.py", line 398, in __getattr__
    return self.__getitem__(key)
  File "/home/runner/work/NYTdiff/NYTdiff/venv/lib/python3.6/site-packages/feedparser.py", line 356, in __getitem__
    return dict.__getitem__(self, key)
KeyError: 'title'

During handling of the above exception, another exception occurred:

Traceback (most recent call last):
  File "nytdiff.py", line 527, in main
    rss.parse_rss()
  File "nytdiff.py", line 491, in parse_rss
    logging.info('Parsing %s', r.feed.title)
  File "/home/runner/work/NYTdiff/NYTdiff/venv/lib/python3.6/site-packages/feedparser.py", line 400, in __getattr__
    raise AttributeError("object has no attribute '%s'" % key)
AttributeError: object has no attribute 'title'
2020-10-12 11:47:24,847          root     INFO: Finished script
